<component name="libraryTable">
  <library name="junit-jupiter-api-5.4.0-M1">
    <CLASSES>
      <root url="jar://H:/drive-download-20220217T141149Z-001/junit-jupiter-api-5.4.0-M1.jar!/" />
    </CLASSES>
    <JAVADOC />
    <SOURCES />
  </library>
</component>